[2021-01-26T16:28:00.001096+00:00] default.INFO: [Worker][Execute][Running] Start [] []
[2021-01-26T16:28:00.001946+00:00] default.INFO: [Worker][Kick][Cycle] Cycling (1) [] []
[2021-01-26T16:28:00.001985+00:00] default.INFO: Provider: [ goalserve ] [] []
[2021-01-26T16:28:00.002014+00:00] default.INFO: [Worker][Client][Fetch] Fetching Data [] []
[2021-01-26T16:28:00.668355+00:00] default.INFO: [Worker][Client][Fetch] Elapsed: 00:00.666 [] []
[2021-01-26T16:28:00.668447+00:00] default.INFO: [Worker][Client][Fetch] Done Fetching Data [] []
[2021-01-26T16:28:00.668506+00:00] default.INFO: [Worker][Adapter][Transform] Transforming Data [] []
[2021-01-26T16:28:00.671155+00:00] default.INFO: [Worker][Adapter][Transform] Elapsed: 00:00.002 [] []
[2021-01-26T16:28:00.671219+00:00] default.INFO: [Worker][Adapter][Transform] Done Transforming Data [] []
[2021-01-26T16:28:00.671271+00:00] default.INFO: [Worker][Service][Save] Saving Data [] []
[2021-01-26T16:28:00.671325+00:00] default.INFO: [Service][Saving][Start] [] []
[2021-01-26T16:28:00.672540+00:00] default.INFO: [Service][Saving][Classes] Start [] []
[2021-01-26T16:28:00.675721+00:00] default.INFO: [Service][Saving][Classes] Elapsed: 00:00.003 [] []
[2021-01-26T16:28:00.675798+00:00] default.INFO: [Service][Saving][Classes] End [] []
[2021-01-26T16:28:00.675850+00:00] default.INFO: [Service][Saving][MarketTypes] Start [] []
[2021-01-26T16:28:00.675899+00:00] default.INFO: [Service][Saving][MarketTypes] Size : 0 [] []
[2021-01-26T16:28:00.675951+00:00] default.INFO: [Service][Saving][MarketTypes] Elapsed: 00:00 [] []
[2021-01-26T16:28:00.675994+00:00] default.INFO: [Service][Saving][MarketTypes] End [] []
[2021-01-26T16:28:00.676037+00:00] default.INFO: [Service][Saving][Bookmakers] Start [] []
[2021-01-26T16:28:00.676080+00:00] default.INFO: [Service][Saving][Bookmakers] Size : 0 [] []
[2021-01-26T16:28:00.676128+00:00] default.INFO: [Service][Saving][Bookmakers] Elapsed: 00:00 [] []
[2021-01-26T16:28:00.676170+00:00] default.INFO: [Service][Saving][Bookmakers] End [] []
[2021-01-26T16:28:00.676211+00:00] default.INFO: [Service][Saving][Leagues] Start [] []
[2021-01-26T16:28:00.676254+00:00] default.INFO: [Service][Saving][Leagues] Size : 2 [] []
[2021-01-26T16:28:00.680788+00:00] default.INFO: Failed saving [leagues] error (Unknown column 'country' in 'field list') {"object":{"country":"","description":"","class_id":0}} []
[2021-01-26T16:28:00.680838+00:00] default.ERROR: Failed saving [leagues] error (Unknown column 'country' in 'field list') {"object":{"country":"","description":"","class_id":0}} []
[2021-01-26T16:28:00.680997+00:00] default.INFO: [Worker][Execute][Running] Total Time: 00:00.678, Memory: 6.00 MB [] []
[2021-01-26T16:28:00.681030+00:00] default.INFO: [Worker][Execute][Running] Failed [] []

[2021-01-26T16:28:00.001096+00:00] default.INFO: [Worker][Execute][Running] Start [] []
[2021-01-26T16:28:00.001946+00:00] default.INFO: [Worker][Kick][Cycle] Cycling (1) [] []

[2021-01-26T16:28:00.001096+00:00] default.INFO: [Worker][Execute][Running] Start [] []
[2021-01-26T16:28:00.001946+00:00] default.INFO: [Worker][Kick][Cycle] Cycling (1) [] []
[2021-01-26T16:28:00.346624+00:00] default.ERROR: Failed saving [leagues] error (Unknown column 'country' in 'field list') {"object":{"country":"","description":"","class_id":0}} []
[2021-01-26T16:28:00.346753+00:00] default.INFO: [Worker][Execute][Running] Total Time: 00:00.732, Memory: 6.00 MB [] []
[2021-01-26T16:28:00.346624+00:00] default.ERROR: Failed saving [leagues] error (Unknown column 'country' in 'field list') {"object":{"country":"","description":"","class_id":0}} []
[2021-01-26T16:28:00.346624+00:00] default.ERROR: Failed saving [leagues] error (Unknown column 'country' in 'field list') {"object":{"country":"","description":"","class_id":0}} []
[2021-01-26T16:28:00.346624+00:00] default.ERROR: Failed saving [leagues] error (Unknown column 'country' in 'field list') {"object":{"country":"","description":"","class_id":0}} []
